0 info it worked if it ends with ok
1 verbose cli [ '/opt/node/bin/node', '/opt/node/bin/npm', 'run', 'dev' ]
2 info using npm@3.10.10
3 info using node@v6.11.3
4 verbose run-script [ 'predev', 'dev', 'postdev' ]
5 info lifecycle iview-admin@1.3.1~predev: iview-admin@1.3.1
6 silly lifecycle iview-admin@1.3.1~predev: no script for predev, continuing
7 info lifecycle iview-admin@1.3.1~dev: iview-admin@1.3.1
8 verbose lifecycle iview-admin@1.3.1~dev: unsafe-perm in lifecycle true
9 verbose lifecycle iview-admin@1.3.1~dev: PATH: /opt/node/lib/node_modules/npm/bin/node-gyp-bin:/var/www/work/iview-admin-1.3.1/node_modules/.bin:/opt/node/bin:/usr/local/bin:/usr/bin:/bin:/usr/local/sbin:/usr/sbin:/sbin:/home/baymax/bin
10 verbose lifecycle iview-admin@1.3.1~dev: CWD: /var/www/work/iview-admin-1.3.1
11 silly lifecycle iview-admin@1.3.1~dev: Args: [ '-c',
11 silly lifecycle   'webpack-dev-server --host 192.168.30.67 --content-base ./ --open --inline --hot --compress --config build/webpack.dev.config.js' ]
12 silly lifecycle iview-admin@1.3.1~dev: Returned: code: 137  signal: null
13 info lifecycle iview-admin@1.3.1~dev: Failed to exec dev script
14 verbose stack Error: iview-admin@1.3.1 dev: `webpack-dev-server --host 192.168.30.67 --content-base ./ --open --inline --hot --compress --config build/webpack.dev.config.js`
14 verbose stack Exit status 137
14 verbose stack     at EventEmitter.<anonymous> (/opt/node/lib/node_modules/npm/lib/utils/lifecycle.js:255:16)
14 verbose stack     at emitTwo (events.js:106:13)
14 verbose stack     at EventEmitter.emit (events.js:191:7)
14 verbose stack     at ChildProcess.<anonymous> (/opt/node/lib/node_modules/npm/lib/utils/spawn.js:40:14)
14 verbose stack     at emitTwo (events.js:106:13)
14 verbose stack     at ChildProcess.emit (events.js:191:7)
14 verbose stack     at maybeClose (internal/child_process.js:920:16)
14 verbose stack     at Process.ChildProcess._handle.onexit (internal/child_process.js:230:5)
15 verbose pkgid iview-admin@1.3.1
16 verbose cwd /var/www/work/iview-admin-1.3.1
17 error Linux 2.6.32-431.el6.x86_64
18 error argv "/opt/node/bin/node" "/opt/node/bin/npm" "run" "dev"
19 error node v6.11.3
20 error npm  v3.10.10
21 error code ELIFECYCLE
22 error iview-admin@1.3.1 dev: `webpack-dev-server --host 192.168.30.67 --content-base ./ --open --inline --hot --compress --config build/webpack.dev.config.js`
22 error Exit status 137
23 error Failed at the iview-admin@1.3.1 dev script 'webpack-dev-server --host 192.168.30.67 --content-base ./ --open --inline --hot --compress --config build/webpack.dev.config.js'.
23 error Make sure you have the latest version of node.js and npm installed.
23 error If you do, this is most likely a problem with the iview-admin package,
23 error not with npm itself.
23 error Tell the author that this fails on your system:
23 error     webpack-dev-server --host 192.168.30.67 --content-base ./ --open --inline --hot --compress --config build/webpack.dev.config.js
23 error You can get information on how to open an issue for this project with:
23 error     npm bugs iview-admin
23 error Or if that isn't available, you can get their info via:
23 error     npm owner ls iview-admin
23 error There is likely additional logging output above.
24 verbose exit [ 1, true ]
